<?xml version="1.0" encoding="UTF-8"?>
<testsuite xmlns:xsi="http://www.w3.org/2001/XMLSchema-instance" xsi:noNamespaceSchemaLocation="https://maven.apache.org/surefire/maven-surefire-plugin/xsd/surefire-test-report.xsd" name="com.lagou.AppTest" time="0.015" tests="1" errors="0" skipped="0" failures="0">
  <properties>
    <property name="sun.desktop" value="windows"/>
    <property name="awt.toolkit" value="sun.awt.windows.WToolkit"/>
    <property name="file.encoding.pkg" value="sun.io"/>
    <property name="java.specification.version" value="1.8"/>
    <property name="sun.cpu.isalist" value="amd64"/>
    <property name="sun.jnu.encoding" value="GBK"/>
    <property name="java.class.path" value="E:\ws\moduleOneWs\SxMybatis\target\test-classes;E:\ws\moduleOneWs\SxMybatis\target\classes;D:\SX_SOFT_INSTALL_PACKAGE\maven_local_repository\junit\junit\4.11\junit-4.11.jar;D:\SX_SOFT_INSTALL_PACKAGE\maven_local_repository\org\hamcrest\hamcrest-core\1.3\hamcrest-core-1.3.jar;D:\SX_SOFT_INSTALL_PACKAGE\maven_local_repository\mysql\mysql-connector-java\5.1.17\mysql-connector-java-5.1.17.jar;D:\SX_SOFT_INSTALL_PACKAGE\maven_local_repository\c3p0\c3p0\0.9.1.2\c3p0-0.9.1.2.jar;D:\SX_SOFT_INSTALL_PACKAGE\maven_local_repository\log4j\log4j\1.2.12\log4j-1.2.12.jar;D:\SX_SOFT_INSTALL_PACKAGE\maven_local_repository\dom4j\dom4j\1.6.1\dom4j-1.6.1.jar;D:\SX_SOFT_INSTALL_PACKAGE\maven_local_repository\xml-apis\xml-apis\1.0.b2\xml-apis-1.0.b2.jar;D:\SX_SOFT_INSTALL_PACKAGE\maven_local_repository\jaxen\jaxen\1.1.6\jaxen-1.1.6.jar;"/>
    <property name="java.vm.vendor" value="Oracle Corporation"/>
    <property name="sun.arch.data.model" value="64"/>
    <property name="user.variant" value=""/>
    <property name="java.vendor.url" value="http://java.oracle.com/"/>
    <property name="user.timezone" value="Asia/Shanghai"/>
    <property name="java.vm.specification.version" value="1.8"/>
    <property name="os.name" value="Windows 10"/>
    <property name="user.country" value="CN"/>
    <property name="sun.java.launcher" value="SUN_STANDARD"/>
    <property name="sun.boot.library.path" value="C:\Program Files\Java\jdk1.8.0_151\jre\bin"/>
    <property name="sun.java.command" value="C:\Users\sx\AppData\Local\Temp\surefire1766723483317873806\surefirebooter1303503099841033695.jar C:\Users\sx\AppData\Local\Temp\surefire1766723483317873806 2020-05-18T03-22-13_710-jvmRun1 surefire8584853028084642950tmp surefire_08071185788706742782tmp"/>
    <property name="surefire.test.class.path" value="E:\ws\moduleOneWs\SxMybatis\target\test-classes;E:\ws\moduleOneWs\SxMybatis\target\classes;D:\SX_SOFT_INSTALL_PACKAGE\maven_local_repository\junit\junit\4.11\junit-4.11.jar;D:\SX_SOFT_INSTALL_PACKAGE\maven_local_repository\org\hamcrest\hamcrest-core\1.3\hamcrest-core-1.3.jar;D:\SX_SOFT_INSTALL_PACKAGE\maven_local_repository\mysql\mysql-connector-java\5.1.17\mysql-connector-java-5.1.17.jar;D:\SX_SOFT_INSTALL_PACKAGE\maven_local_repository\c3p0\c3p0\0.9.1.2\c3p0-0.9.1.2.jar;D:\SX_SOFT_INSTALL_PACKAGE\maven_local_repository\log4j\log4j\1.2.12\log4j-1.2.12.jar;D:\SX_SOFT_INSTALL_PACKAGE\maven_local_repository\dom4j\dom4j\1.6.1\dom4j-1.6.1.jar;D:\SX_SOFT_INSTALL_PACKAGE\maven_local_repository\xml-apis\xml-apis\1.0.b2\xml-apis-1.0.b2.jar;D:\SX_SOFT_INSTALL_PACKAGE\maven_local_repository\jaxen\jaxen\1.1.6\jaxen-1.1.6.jar;"/>
    <property name="sun.cpu.endian" value="little"/>
    <property name="user.home" value="C:\Users\sx"/>
    <property name="user.language" value="zh"/>
    <property name="java.specification.vendor" value="Oracle Corporation"/>
    <property name="java.home" value="C:\Program Files\Java\jdk1.8.0_151\jre"/>
    <property name="basedir" value="E:\ws\moduleOneWs\SxMybatis"/>
    <property name="file.separator" value="\"/>
    <property name="line.separator" value="&#10;"/>
    <property name="java.vm.specification.vendor" value="Oracle Corporation"/>
    <property name="java.specification.name" value="Java Platform API Specification"/>
    <property name="java.awt.graphicsenv" value="sun.awt.Win32GraphicsEnvironment"/>
    <property name="surefire.real.class.path" value="C:\Users\sx\AppData\Local\Temp\surefire1766723483317873806\surefirebooter1303503099841033695.jar"/>
    <property name="sun.boot.class.path" value="C:\Program Files\Java\jdk1.8.0_151\jre\lib\resources.jar;C:\Program Files\Java\jdk1.8.0_151\jre\lib\rt.jar;C:\Program Files\Java\jdk1.8.0_151\jre\lib\sunrsasign.jar;C:\Program Files\Java\jdk1.8.0_151\jre\lib\jsse.jar;C:\Program Files\Java\jdk1.8.0_151\jre\lib\jce.jar;C:\Program Files\Java\jdk1.8.0_151\jre\lib\charsets.jar;C:\Program Files\Java\jdk1.8.0_151\jre\lib\jfr.jar;C:\Program Files\Java\jdk1.8.0_151\jre\classes"/>
    <property name="user.script" value=""/>
    <property name="sun.management.compiler" value="HotSpot 64-Bit Tiered Compilers"/>
    <property name="java.runtime.version" value="1.8.0_151-b12"/>
    <property name="user.name" value="sx"/>
    <property name="path.separator" value=";"/>
    <property name="os.version" value="10.0"/>
    <property name="java.endorsed.dirs" value="C:\Program Files\Java\jdk1.8.0_151\jre\lib\endorsed"/>
    <property name="java.runtime.name" value="Java(TM) SE Runtime Environment"/>
    <property name="file.encoding" value="GBK"/>
    <property name="java.vm.name" value="Java HotSpot(TM) 64-Bit Server VM"/>
    <property name="localRepository" value="D:\SX_SOFT_INSTALL_PACKAGE\maven_local_repository"/>
    <property name="java.vendor.url.bug" value="http://bugreport.sun.com/bugreport/"/>
    <property name="java.io.tmpdir" value="C:\Users\sx\AppData\Local\Temp\"/>
    <property name="idea.version" value="2017.2.6"/>
    <property name="java.version" value="1.8.0_151"/>
    <property name="user.dir" value="E:\ws\moduleOneWs\SxMybatis"/>
    <property name="os.arch" value="amd64"/>
    <property name="java.vm.specification.name" value="Java Virtual Machine Specification"/>
    <property name="java.awt.printerjob" value="sun.awt.windows.WPrinterJob"/>
    <property name="sun.os.patch.level" value=""/>
    <property name="java.library.path" value="C:\Program Files\Java\jdk1.8.0_151\jre\bin;C:\Windows\Sun\Java\bin;C:\Windows\system32;C:\Windows;C:\ProgramData\Oracle\Java\javapath;C:\Program Files\Java\jdk1.7.0_80\bin;C:\Program Files\Java\jdk1.8.0_151\bin;C:\Program Files (x86)\Common Files\Oracle\Java\javapath;C:\Windows\system32;C:\Windows;C:\Windows\System32\Wbem;C:\Windows\System32\WindowsPowerShell\v1.0\;C:\Program Files\MySQL\MySQL Server 5.5\bin;C:\Windows\System32\OpenSSH\;E:\SX_SOFT_INSTALL_PACKAGE\dev_install_package\gradle-4.6\bin;D:\SX_SOFT_INSTALL_PACKAGE\dev_install_package\Maven\apache-maven-3.6.0-bin\apache-maven-3.6.0\bin;C:\Users\sx\Anaconda3;C:\Users\sx\Anaconda3\Library\bin;C:\Users\sx\Anaconda3\Scripts;D:\Program Files\Git\cmd;C:\Program Files\TortoiseGit\bin;C:\Users\sx\AppData\Local\Microsoft\WindowsApps;;C:\Program Files\JetBrains\IntelliJ IDEA 2018.3.3\bin;;."/>
    <property name="java.vm.info" value="mixed mode"/>
    <property name="java.vendor" value="Oracle Corporation"/>
    <property name="java.vm.version" value="25.151-b12"/>
    <property name="java.ext.dirs" value="C:\Program Files\Java\jdk1.8.0_151\jre\lib\ext;C:\Windows\Sun\Java\lib\ext"/>
    <property name="sun.io.unicode.encoding" value="UnicodeLittle"/>
    <property name="maven.repo.local" value="D:\SX_SOFT_INSTALL_PACKAGE\maven_local_repository"/>
    <property name="java.class.version" value="52.0"/>
  </properties>
  <testcase name="shouldAnswerWithTrue" classname="com.lagou.AppTest" time="0"/>
</testsuite>